<?xml version="1.0" encoding="UTF-8"?>
<testsuite xmlns:xsi="http://www.w3.org/2001/XMLSchema-instance" xsi:noNamespaceSchemaLocation="https://maven.apache.org/surefire/maven-surefire-plugin/xsd/surefire-test-report.xsd" name="org.apache.nifi.processors.fhir.MyProcessorTest" time="6.722" tests="9" errors="0" skipped="0" failures="0">
  <properties>
    <property name="gopherProxySet" value="false"/>
    <property name="awt.toolkit" value="sun.lwawt.macosx.LWCToolkit"/>
    <property name="file.encoding.pkg" value="sun.io"/>
    <property name="java.specification.version" value="1.8"/>
    <property name="sun.cpu.isalist" value=""/>
    <property name="sun.jnu.encoding" value="UTF-8"/>
    <property name="java.class.path" value="/Users/alyssaromanos/Desktop/nifi-fhir-processor/nifi-fhir-processors/target/test-classes:/Users/alyssaromanos/Desktop/nifi-fhir-processor/nifi-fhir-processors/target/classes:/Users/alyssaromanos/.m2/repository/org/apache/nifi/nifi-api/1.12.0/nifi-api-1.12.0.jar:/Users/alyssaromanos/.m2/repository/org/apache/nifi/nifi-utils/1.12.0/nifi-utils-1.12.0.jar:/Users/alyssaromanos/.m2/repository/org/apache/nifi/nifi-mock/1.12.0/nifi-mock-1.12.0.jar:/Users/alyssaromanos/.m2/repository/org/apache/nifi/nifi-framework-api/1.12.0/nifi-framework-api-1.12.0.jar:/Users/alyssaromanos/.m2/repository/org/apache/nifi/nifi-parameter/1.12.0/nifi-parameter-1.12.0.jar:/Users/alyssaromanos/.m2/repository/org/apache/nifi/nifi-expression-language/1.12.0/nifi-expression-language-1.12.0.jar:/Users/alyssaromanos/.m2/repository/org/antlr/antlr-runtime/3.5.2/antlr-runtime-3.5.2.jar:/Users/alyssaromanos/.m2/repository/com/jayway/jsonpath/json-path/2.4.0/json-path-2.4.0.jar:/Users/alyssaromanos/.m2/repository/net/minidev/json-smart/2.3/json-smart-2.3.jar:/Users/alyssaromanos/.m2/repository/net/minidev/accessors-smart/1.2/accessors-smart-1.2.jar:/Users/alyssaromanos/.m2/repository/org/ow2/asm/asm/5.0.4/asm-5.0.4.jar:/Users/alyssaromanos/.m2/repository/org/apache/nifi/nifi-data-provenance-utils/1.12.0/nifi-data-provenance-utils-1.12.0.jar:/Users/alyssaromanos/.m2/repository/org/apache/nifi/nifi-security-utils/1.12.0/nifi-security-utils-1.12.0.jar:/Users/alyssaromanos/.m2/repository/org/bouncycastle/bcpkix-jdk15on/1.66/bcpkix-jdk15on-1.66.jar:/Users/alyssaromanos/.m2/repository/at/favre/lib/bcrypt/0.9.0/bcrypt-0.9.0.jar:/Users/alyssaromanos/.m2/repository/at/favre/lib/bytes/1.3.0/bytes-1.3.0.jar:/Users/alyssaromanos/.m2/repository/org/apache/commons/commons-configuration2/2.7/commons-configuration2-2.7.jar:/Users/alyssaromanos/.m2/repository/commons-logging/commons-logging/1.2/commons-logging-1.2.jar:/Users/alyssaromanos/.m2/repository/org/bouncycastle/bcprov-jdk15on/1.66/bcprov-jdk15on-1.66.jar:/Users/alyssaromanos/.m2/repository/org/apache/nifi/nifi-properties-loader/1.12.0/nifi-properties-loader-1.12.0.jar:/Users/alyssaromanos/.m2/repository/org/apache/nifi/nifi-properties/1.12.0/nifi-properties-1.12.0.jar:/Users/alyssaromanos/.m2/repository/org/slf4j/slf4j-simple/1.7.30/slf4j-simple-1.7.30.jar:/Users/alyssaromanos/.m2/repository/org/slf4j/slf4j-api/1.7.30/slf4j-api-1.7.30.jar:/Users/alyssaromanos/.m2/repository/junit/junit/4.13/junit-4.13.jar:/Users/alyssaromanos/.m2/repository/org/hamcrest/hamcrest-core/1.3/hamcrest-core-1.3.jar:/Users/alyssaromanos/.m2/repository/ca/uhn/hapi/fhir/hapi-fhir-base/5.0.0/hapi-fhir-base-5.0.0.jar:/Users/alyssaromanos/.m2/repository/com/fasterxml/jackson/core/jackson-databind/2.10.0/jackson-databind-2.10.0.jar:/Users/alyssaromanos/.m2/repository/com/fasterxml/jackson/core/jackson-annotations/2.10.0/jackson-annotations-2.10.0.jar:/Users/alyssaromanos/.m2/repository/com/fasterxml/jackson/core/jackson-core/2.10.0/jackson-core-2.10.0.jar:/Users/alyssaromanos/.m2/repository/org/apache/commons/commons-lang3/3.9/commons-lang3-3.9.jar:/Users/alyssaromanos/.m2/repository/org/apache/commons/commons-text/1.7/commons-text-1.7.jar:/Users/alyssaromanos/.m2/repository/commons-codec/commons-codec/1.12/commons-codec-1.12.jar:/Users/alyssaromanos/.m2/repository/commons-io/commons-io/2.6/commons-io-2.6.jar:/Users/alyssaromanos/.m2/repository/com/google/guava/guava/28.2-jre/guava-28.2-jre.jar:/Users/alyssaromanos/.m2/repository/com/google/guava/failureaccess/1.0.1/failureaccess-1.0.1.jar:/Users/alyssaromanos/.m2/repository/com/google/guava/listenablefuture/9999.0-empty-to-avoid-conflict-with-guava/listenablefuture-9999.0-empty-to-avoid-conflict-with-guava.jar:/Users/alyssaromanos/.m2/repository/org/checkerframework/checker-qual/2.10.0/checker-qual-2.10.0.jar:/Users/alyssaromanos/.m2/repository/com/google/errorprone/error_prone_annotations/2.3.4/error_prone_annotations-2.3.4.jar:/Users/alyssaromanos/.m2/repository/com/google/j2objc/j2objc-annotations/1.3/j2objc-annotations-1.3.jar:/Users/alyssaromanos/.m2/repository/org/slf4j/jcl-over-slf4j/1.7.30/jcl-over-slf4j-1.7.30.jar:/Users/alyssaromanos/.m2/repository/ca/uhn/hapi/fhir/hapi-fhir-structures-r4/5.0.0/hapi-fhir-structures-r4-5.0.0.jar:/Users/alyssaromanos/.m2/repository/ca/uhn/hapi/fhir/org.hl7.fhir.utilities/5.0.0/org.hl7.fhir.utilities-5.0.0.jar:/Users/alyssaromanos/.m2/repository/ca/uhn/hapi/fhir/org.hl7.fhir.r4/5.0.0/org.hl7.fhir.r4-5.0.0.jar:/Users/alyssaromanos/.m2/repository/org/fhir/ucum/1.0.2/ucum-1.0.2.jar:/Users/alyssaromanos/.m2/repository/xpp3/xpp3/1.1.4c/xpp3-1.1.4c.jar:/Users/alyssaromanos/.m2/repository/xpp3/xpp3_xpath/1.1.4c/xpp3_xpath-1.1.4c.jar:/Users/alyssaromanos/.m2/repository/com/google/code/findbugs/jsr305/3.0.2/jsr305-3.0.2.jar:/Users/alyssaromanos/.m2/repository/ca/uhn/hapi/fhir/hapi-fhir-validation-resources-r4/5.0.0/hapi-fhir-validation-resources-r4-5.0.0.jar:/Users/alyssaromanos/.m2/repository/org/mockito/mockito-core/2.28.2/mockito-core-2.28.2.jar:/Users/alyssaromanos/.m2/repository/net/bytebuddy/byte-buddy/1.9.10/byte-buddy-1.9.10.jar:/Users/alyssaromanos/.m2/repository/net/bytebuddy/byte-buddy-agent/1.9.10/byte-buddy-agent-1.9.10.jar:/Users/alyssaromanos/.m2/repository/org/objenesis/objenesis/2.6/objenesis-2.6.jar:/Users/alyssaromanos/.m2/repository/org/codehaus/groovy/groovy-test/2.5.4/groovy-test-2.5.4.jar:/Users/alyssaromanos/.m2/repository/org/codehaus/groovy/groovy/2.5.4/groovy-2.5.4.jar:"/>
    <property name="java.vm.vendor" value="Oracle Corporation"/>
    <property name="sun.arch.data.model" value="64"/>
    <property name="java.vendor.url" value="http://java.oracle.com/"/>
    <property name="user.timezone" value=""/>
    <property name="java.vm.specification.version" value="1.8"/>
    <property name="os.name" value="Mac OS X"/>
    <property name="user.country" value="US"/>
    <property name="sun.java.launcher" value="SUN_STANDARD"/>
    <property name="sun.boot.library.path" value="/Library/Java/JavaVirtualMachines/jdk1.8.0_144.jdk/Contents/Home/jre/lib"/>
    <property name="sun.java.command" value="/Users/alyssaromanos/Desktop/nifi-fhir-processor/nifi-fhir-processors/target/surefire/surefirebooter1862527258352565576.jar /Users/alyssaromanos/Desktop/nifi-fhir-processor/nifi-fhir-processors/target/surefire 2020-10-30T11-37-26_114-jvmRun1 surefire5059123922176927925tmp surefire_04998388469567606107tmp"/>
    <property name="http.nonProxyHosts" value="local|*.local|169.254/16|*.169.254/16"/>
    <property name="surefire.test.class.path" value="/Users/alyssaromanos/Desktop/nifi-fhir-processor/nifi-fhir-processors/target/test-classes:/Users/alyssaromanos/Desktop/nifi-fhir-processor/nifi-fhir-processors/target/classes:/Users/alyssaromanos/.m2/repository/org/apache/nifi/nifi-api/1.12.0/nifi-api-1.12.0.jar:/Users/alyssaromanos/.m2/repository/org/apache/nifi/nifi-utils/1.12.0/nifi-utils-1.12.0.jar:/Users/alyssaromanos/.m2/repository/org/apache/nifi/nifi-mock/1.12.0/nifi-mock-1.12.0.jar:/Users/alyssaromanos/.m2/repository/org/apache/nifi/nifi-framework-api/1.12.0/nifi-framework-api-1.12.0.jar:/Users/alyssaromanos/.m2/repository/org/apache/nifi/nifi-parameter/1.12.0/nifi-parameter-1.12.0.jar:/Users/alyssaromanos/.m2/repository/org/apache/nifi/nifi-expression-language/1.12.0/nifi-expression-language-1.12.0.jar:/Users/alyssaromanos/.m2/repository/org/antlr/antlr-runtime/3.5.2/antlr-runtime-3.5.2.jar:/Users/alyssaromanos/.m2/repository/com/jayway/jsonpath/json-path/2.4.0/json-path-2.4.0.jar:/Users/alyssaromanos/.m2/repository/net/minidev/json-smart/2.3/json-smart-2.3.jar:/Users/alyssaromanos/.m2/repository/net/minidev/accessors-smart/1.2/accessors-smart-1.2.jar:/Users/alyssaromanos/.m2/repository/org/ow2/asm/asm/5.0.4/asm-5.0.4.jar:/Users/alyssaromanos/.m2/repository/org/apache/nifi/nifi-data-provenance-utils/1.12.0/nifi-data-provenance-utils-1.12.0.jar:/Users/alyssaromanos/.m2/repository/org/apache/nifi/nifi-security-utils/1.12.0/nifi-security-utils-1.12.0.jar:/Users/alyssaromanos/.m2/repository/org/bouncycastle/bcpkix-jdk15on/1.66/bcpkix-jdk15on-1.66.jar:/Users/alyssaromanos/.m2/repository/at/favre/lib/bcrypt/0.9.0/bcrypt-0.9.0.jar:/Users/alyssaromanos/.m2/repository/at/favre/lib/bytes/1.3.0/bytes-1.3.0.jar:/Users/alyssaromanos/.m2/repository/org/apache/commons/commons-configuration2/2.7/commons-configuration2-2.7.jar:/Users/alyssaromanos/.m2/repository/commons-logging/commons-logging/1.2/commons-logging-1.2.jar:/Users/alyssaromanos/.m2/repository/org/bouncycastle/bcprov-jdk15on/1.66/bcprov-jdk15on-1.66.jar:/Users/alyssaromanos/.m2/repository/org/apache/nifi/nifi-properties-loader/1.12.0/nifi-properties-loader-1.12.0.jar:/Users/alyssaromanos/.m2/repository/org/apache/nifi/nifi-properties/1.12.0/nifi-properties-1.12.0.jar:/Users/alyssaromanos/.m2/repository/org/slf4j/slf4j-simple/1.7.30/slf4j-simple-1.7.30.jar:/Users/alyssaromanos/.m2/repository/org/slf4j/slf4j-api/1.7.30/slf4j-api-1.7.30.jar:/Users/alyssaromanos/.m2/repository/junit/junit/4.13/junit-4.13.jar:/Users/alyssaromanos/.m2/repository/org/hamcrest/hamcrest-core/1.3/hamcrest-core-1.3.jar:/Users/alyssaromanos/.m2/repository/ca/uhn/hapi/fhir/hapi-fhir-base/5.0.0/hapi-fhir-base-5.0.0.jar:/Users/alyssaromanos/.m2/repository/com/fasterxml/jackson/core/jackson-databind/2.10.0/jackson-databind-2.10.0.jar:/Users/alyssaromanos/.m2/repository/com/fasterxml/jackson/core/jackson-annotations/2.10.0/jackson-annotations-2.10.0.jar:/Users/alyssaromanos/.m2/repository/com/fasterxml/jackson/core/jackson-core/2.10.0/jackson-core-2.10.0.jar:/Users/alyssaromanos/.m2/repository/org/apache/commons/commons-lang3/3.9/commons-lang3-3.9.jar:/Users/alyssaromanos/.m2/repository/org/apache/commons/commons-text/1.7/commons-text-1.7.jar:/Users/alyssaromanos/.m2/repository/commons-codec/commons-codec/1.12/commons-codec-1.12.jar:/Users/alyssaromanos/.m2/repository/commons-io/commons-io/2.6/commons-io-2.6.jar:/Users/alyssaromanos/.m2/repository/com/google/guava/guava/28.2-jre/guava-28.2-jre.jar:/Users/alyssaromanos/.m2/repository/com/google/guava/failureaccess/1.0.1/failureaccess-1.0.1.jar:/Users/alyssaromanos/.m2/repository/com/google/guava/listenablefuture/9999.0-empty-to-avoid-conflict-with-guava/listenablefuture-9999.0-empty-to-avoid-conflict-with-guava.jar:/Users/alyssaromanos/.m2/repository/org/checkerframework/checker-qual/2.10.0/checker-qual-2.10.0.jar:/Users/alyssaromanos/.m2/repository/com/google/errorprone/error_prone_annotations/2.3.4/error_prone_annotations-2.3.4.jar:/Users/alyssaromanos/.m2/repository/com/google/j2objc/j2objc-annotations/1.3/j2objc-annotations-1.3.jar:/Users/alyssaromanos/.m2/repository/org/slf4j/jcl-over-slf4j/1.7.30/jcl-over-slf4j-1.7.30.jar:/Users/alyssaromanos/.m2/repository/ca/uhn/hapi/fhir/hapi-fhir-structures-r4/5.0.0/hapi-fhir-structures-r4-5.0.0.jar:/Users/alyssaromanos/.m2/repository/ca/uhn/hapi/fhir/org.hl7.fhir.utilities/5.0.0/org.hl7.fhir.utilities-5.0.0.jar:/Users/alyssaromanos/.m2/repository/ca/uhn/hapi/fhir/org.hl7.fhir.r4/5.0.0/org.hl7.fhir.r4-5.0.0.jar:/Users/alyssaromanos/.m2/repository/org/fhir/ucum/1.0.2/ucum-1.0.2.jar:/Users/alyssaromanos/.m2/repository/xpp3/xpp3/1.1.4c/xpp3-1.1.4c.jar:/Users/alyssaromanos/.m2/repository/xpp3/xpp3_xpath/1.1.4c/xpp3_xpath-1.1.4c.jar:/Users/alyssaromanos/.m2/repository/com/google/code/findbugs/jsr305/3.0.2/jsr305-3.0.2.jar:/Users/alyssaromanos/.m2/repository/ca/uhn/hapi/fhir/hapi-fhir-validation-resources-r4/5.0.0/hapi-fhir-validation-resources-r4-5.0.0.jar:/Users/alyssaromanos/.m2/repository/org/mockito/mockito-core/2.28.2/mockito-core-2.28.2.jar:/Users/alyssaromanos/.m2/repository/net/bytebuddy/byte-buddy/1.9.10/byte-buddy-1.9.10.jar:/Users/alyssaromanos/.m2/repository/net/bytebuddy/byte-buddy-agent/1.9.10/byte-buddy-agent-1.9.10.jar:/Users/alyssaromanos/.m2/repository/org/objenesis/objenesis/2.6/objenesis-2.6.jar:/Users/alyssaromanos/.m2/repository/org/codehaus/groovy/groovy-test/2.5.4/groovy-test-2.5.4.jar:/Users/alyssaromanos/.m2/repository/org/codehaus/groovy/groovy/2.5.4/groovy-2.5.4.jar:"/>
    <property name="sun.cpu.endian" value="little"/>
    <property name="user.home" value="/Users/alyssaromanos"/>
    <property name="user.language" value="en"/>
    <property name="java.specification.vendor" value="Oracle Corporation"/>
    <property name="java.home" value="/Library/Java/JavaVirtualMachines/jdk1.8.0_144.jdk/Contents/Home/jre"/>
    <property name="basedir" value="/Users/alyssaromanos/Desktop/nifi-fhir-processor/nifi-fhir-processors"/>
    <property name="file.separator" value="/"/>
    <property name="line.separator" value="&#10;"/>
    <property name="java.vm.specification.vendor" value="Oracle Corporation"/>
    <property name="java.specification.name" value="Java Platform API Specification"/>
    <property name="java.awt.graphicsenv" value="sun.awt.CGraphicsEnvironment"/>
    <property name="java.awt.headless" value="true"/>
    <property name="surefire.real.class.path" value="/Users/alyssaromanos/Desktop/nifi-fhir-processor/nifi-fhir-processors/target/surefire/surefirebooter1862527258352565576.jar"/>
    <property name="sun.boot.class.path" value="/Library/Java/JavaVirtualMachines/jdk1.8.0_144.jdk/Contents/Home/jre/lib/resources.jar:/Library/Java/JavaVirtualMachines/jdk1.8.0_144.jdk/Contents/Home/jre/lib/rt.jar:/Library/Java/JavaVirtualMachines/jdk1.8.0_144.jdk/Contents/Home/jre/lib/sunrsasign.jar:/Library/Java/JavaVirtualMachines/jdk1.8.0_144.jdk/Contents/Home/jre/lib/jsse.jar:/Library/Java/JavaVirtualMachines/jdk1.8.0_144.jdk/Contents/Home/jre/lib/jce.jar:/Library/Java/JavaVirtualMachines/jdk1.8.0_144.jdk/Contents/Home/jre/lib/charsets.jar:/Library/Java/JavaVirtualMachines/jdk1.8.0_144.jdk/Contents/Home/jre/lib/jfr.jar:/Library/Java/JavaVirtualMachines/jdk1.8.0_144.jdk/Contents/Home/jre/classes"/>
    <property name="sun.management.compiler" value="HotSpot 64-Bit Tiered Compilers"/>
    <property name="ftp.nonProxyHosts" value="local|*.local|169.254/16|*.169.254/16"/>
    <property name="java.runtime.version" value="1.8.0_144-b01"/>
    <property name="java.net.preferIPv4Stack" value="true"/>
    <property name="user.name" value="alyssaromanos"/>
    <property name="path.separator" value=":"/>
    <property name="os.version" value="10.14.6"/>
    <property name="java.endorsed.dirs" value="/Library/Java/JavaVirtualMachines/jdk1.8.0_144.jdk/Contents/Home/jre/lib/endorsed"/>
    <property name="java.runtime.name" value="Java(TM) SE Runtime Environment"/>
    <property name="file.encoding" value="UTF-8"/>
    <property name="java.vm.name" value="Java HotSpot(TM) 64-Bit Server VM"/>
    <property name="localRepository" value="/Users/alyssaromanos/.m2/repository"/>
    <property name="java.vendor.url.bug" value="http://bugreport.sun.com/bugreport/"/>
    <property name="java.io.tmpdir" value="/var/folders/tq/fg0kx92j1ml1645dcfk0q4n80000gn/T/"/>
    <property name="java.version" value="1.8.0_144"/>
    <property name="user.dir" value="/Users/alyssaromanos/Desktop/nifi-fhir-processor/nifi-fhir-processors"/>
    <property name="os.arch" value="x86_64"/>
    <property name="java.vm.specification.name" value="Java Virtual Machine Specification"/>
    <property name="java.awt.printerjob" value="sun.lwawt.macosx.CPrinterJob"/>
    <property name="sun.os.patch.level" value="unknown"/>
    <property name="java.library.path" value="/Users/alyssaromanos/Library/Java/Extensions:/Library/Java/Extensions:/Network/Library/Java/Extensions:/System/Library/Java/Extensions:/usr/lib/java:."/>
    <property name="java.vm.info" value="mixed mode"/>
    <property name="java.vendor" value="Oracle Corporation"/>
    <property name="java.vm.version" value="25.144-b01"/>
    <property name="java.ext.dirs" value="/Users/alyssaromanos/Library/Java/Extensions:/Library/Java/JavaVirtualMachines/jdk1.8.0_144.jdk/Contents/Home/jre/lib/ext:/Library/Java/Extensions:/Network/Library/Java/Extensions:/System/Library/Java/Extensions:/usr/lib/java"/>
    <property name="sun.io.unicode.encoding" value="UnicodeBig"/>
    <property name="java.class.version" value="52.0"/>
    <property name="socksNonProxyHosts" value="local|*.local|169.254/16|*.169.254/16"/>
  </properties>
  <testcase name="testSummaryMode" classname="org.apache.nifi.processors.fhir.MyProcessorTest" time="3.791"/>
  <testcase name="testStandardValidate" classname="org.apache.nifi.processors.fhir.MyProcessorTest" time="0.695"/>
  <testcase name="testSuppressNarratives" classname="org.apache.nifi.processors.fhir.MyProcessorTest" time="0.457"/>
  <testcase name="testStripVersions" classname="org.apache.nifi.processors.fhir.MyProcessorTest" time="0.361"/>
  <testcase name="testServerURL" classname="org.apache.nifi.processors.fhir.MyProcessorTest" time="0.485"/>
  <testcase name="testPrettyPrint" classname="org.apache.nifi.processors.fhir.MyProcessorTest" time="0.296"/>
  <testcase name="testInvalidPatientResource" classname="org.apache.nifi.processors.fhir.MyProcessorTest" time="0.008"/>
  <testcase name="testValidPatientResource" classname="org.apache.nifi.processors.fhir.MyProcessorTest" time="0.254"/>
  <testcase name="testOmitId" classname="org.apache.nifi.processors.fhir.MyProcessorTest" time="0.288"/>
</testsuite>